<?xml version="1.0" encoding="UTF-8"?>
<testng-results skipped="0" failed="0" ignored="0" total="1" passed="1">
  <reporter-output>
  </reporter-output>
  <suite name="Default suite" duration-ms="1042" started-at="2017-09-23T03:15:51Z" finished-at="2017-09-23T03:15:52Z">
    <groups>
    </groups>
    <test name="Default test" duration-ms="1042" started-at="2017-09-23T03:15:51Z" finished-at="2017-09-23T03:15:52Z">
      <class name="com.gaurav.testscripts.TC01">
        <test-method status="PASS" signature="setup()[pri:0, instance:com.gaurav.testscripts.TC01@1593948d]" name="setup" is-config="true" duration-ms="7" started-at="2017-09-22T23:15:51Z" finished-at="2017-09-22T23:15:51Z">
          <reporter-output>
          </reporter-output>
        </test-method> <!-- setup -->
        <test-method status="PASS" signature="verifyGetCountries()[pri:0, instance:com.gaurav.testscripts.TC01@1593948d]" name="verifyGetCountries" duration-ms="1022" started-at="2017-09-22T23:15:51Z" finished-at="2017-09-22T23:15:52Z">
          <reporter-output>
          </reporter-output>
        </test-method> <!-- verifyGetCountries -->
      </class> <!-- com.gaurav.testscripts.TC01 -->
    </test> <!-- Default test -->
  </suite> <!-- Default suite -->
</testng-results>
